2024-01-15 13:34:35 [INFO    ] (basehttp.log_message) "GET /get-organization HTTP/1.1" 200 58
2024-01-15 13:34:35 [INFO    ] (basehttp.log_message) "GET /get-organization HTTP/1.1" 200 58
2024-01-15 13:34:55 [INFO    ] (basehttp.log_message) "GET /get-organization HTTP/1.1" 200 1102
2024-01-15 13:34:55 [INFO    ] (basehttp.log_message) "GET /get-organization HTTP/1.1" 200 1102
2024-01-15 13:38:12 [INFO    ] (autoreload.trigger_reload) D:\My-Workspace\django-projects\hm_env\hm_admin\hm_admin\settings.py changed, reloading.
2024-01-15 13:38:12 [INFO    ] (autoreload.trigger_reload) D:\My-Workspace\django-projects\hm_env\hm_admin\hm_admin\settings.py changed, reloading.
2024-01-15 13:39:12 [INFO    ] (autoreload.run_with_reloader) Watching for file changes with StatReloader
2024-01-15 13:39:12 [INFO    ] (autoreload.run_with_reloader) Watching for file changes with StatReloader
2024-01-15 13:39:16 [INFO    ] (basehttp.log_message) "GET /get-organization HTTP/1.1" 200 58
2024-01-15 13:39:16 [INFO    ] (basehttp.log_message) "GET /get-organization HTTP/1.1" 200 58
2024-01-15 13:40:18 [INFO    ] (basehttp.log_message) "GET /auth/validate-token HTTP/1.1" 200 64
2024-01-15 13:40:18 [INFO    ] (basehttp.log_message) "GET /auth/validate-token HTTP/1.1" 200 64
2024-01-15 13:40:18 [INFO    ] (basehttp.log_message) "GET /get-emp-roles HTTP/1.1" 200 82
2024-01-15 13:40:18 [INFO    ] (basehttp.log_message) "GET /get-emp-roles HTTP/1.1" 200 82
2024-01-15 13:40:18 [INFO    ] (basehttp.log_message) "GET /get-service-types HTTP/1.1" 200 88
2024-01-15 13:40:18 [INFO    ] (basehttp.log_message) "GET /get-service-types HTTP/1.1" 200 88
2024-01-15 13:40:18 [INFO    ] (basehttp.log_message) "GET /get-service-sections HTTP/1.1" 200 163
2024-01-15 13:40:18 [INFO    ] (basehttp.log_message) "GET /get-service-sections HTTP/1.1" 200 163
2024-01-15 13:40:18 [INFO    ] (basehttp.log_message) "GET /get-organization-list HTTP/1.1" 200 29
2024-01-15 13:40:18 [INFO    ] (basehttp.log_message) "GET /get-organization-list HTTP/1.1" 200 29
2024-01-15 13:40:20 [INFO    ] (basehttp.log_message) "GET /get-organization HTTP/1.1" 200 58
2024-01-15 13:40:20 [INFO    ] (basehttp.log_message) "GET /get-organization HTTP/1.1" 200 58
2024-01-15 13:40:48 [INFO    ] (basehttp.log_message) "GET /get-organization HTTP/1.1" 200 1102
2024-01-15 13:40:48 [INFO    ] (basehttp.log_message) "GET /get-organization HTTP/1.1" 200 1102
2024-01-15 13:40:54 [INFO    ] (basehttp.log_message) "GET /get-organization HTTP/1.1" 200 573
2024-01-15 13:40:54 [INFO    ] (basehttp.log_message) "GET /get-organization HTTP/1.1" 200 573
2024-01-15 13:42:09 [INFO    ] (basehttp.log_message) "GET /auth/validate-token HTTP/1.1" 200 64
2024-01-15 13:42:09 [INFO    ] (basehttp.log_message) "GET /auth/validate-token HTTP/1.1" 200 64
2024-01-15 13:42:09 [INFO    ] (basehttp.log_message) "GET /get-service-sections HTTP/1.1" 200 163
2024-01-15 13:42:09 [INFO    ] (basehttp.log_message) "GET /get-service-sections HTTP/1.1" 200 163
2024-01-15 13:42:09 [INFO    ] (basehttp.log_message) "GET /get-emp-roles HTTP/1.1" 200 82
2024-01-15 13:42:09 [INFO    ] (basehttp.log_message) "GET /get-emp-roles HTTP/1.1" 200 82
2024-01-15 13:42:09 [INFO    ] (basehttp.log_message) "GET /get-service-types HTTP/1.1" 200 88
2024-01-15 13:42:09 [INFO    ] (basehttp.log_message) "GET /get-service-types HTTP/1.1" 200 88
2024-01-15 13:42:10 [INFO    ] (basehttp.log_message) "GET /get-organization-list HTTP/1.1" 200 29
2024-01-15 13:42:10 [INFO    ] (basehttp.log_message) "GET /get-organization-list HTTP/1.1" 200 29
2024-01-15 13:42:32 [INFO    ] (autoreload.trigger_reload) D:\My-Workspace\django-projects\hm_env\hm_admin\orgs\serializer.py changed, reloading.
2024-01-15 13:42:32 [INFO    ] (autoreload.trigger_reload) D:\My-Workspace\django-projects\hm_env\hm_admin\orgs\serializer.py changed, reloading.
2024-01-15 13:42:33 [INFO    ] (autoreload.run_with_reloader) Watching for file changes with StatReloader
2024-01-15 13:42:33 [INFO    ] (autoreload.run_with_reloader) Watching for file changes with StatReloader
2024-01-15 13:42:34 [INFO    ] (basehttp.log_message) "GET /get-organization HTTP/1.1" 200 58
2024-01-15 13:42:34 [INFO    ] (basehttp.log_message) "GET /get-organization HTTP/1.1" 200 58
2024-01-15 13:45:02 [INFO    ] (basehttp.log_message) "GET /auth/validate-token HTTP/1.1" 200 64
2024-01-15 13:45:02 [INFO    ] (basehttp.log_message) "GET /auth/validate-token HTTP/1.1" 200 64
2024-01-15 13:45:02 [INFO    ] (basehttp.log_message) "GET /get-service-types HTTP/1.1" 200 88
2024-01-15 13:45:02 [INFO    ] (basehttp.log_message) "GET /get-service-types HTTP/1.1" 200 88
2024-01-15 13:45:02 [INFO    ] (basehttp.log_message) "GET /get-organization-list HTTP/1.1" 200 29
2024-01-15 13:45:02 [INFO    ] (basehttp.log_message) "GET /get-organization-list HTTP/1.1" 200 29
2024-01-15 13:45:02 [INFO    ] (basehttp.log_message) "GET /get-service-sections HTTP/1.1" 200 163
2024-01-15 13:45:02 [INFO    ] (basehttp.log_message) "GET /get-service-sections HTTP/1.1" 200 163
2024-01-15 13:45:02 [INFO    ] (basehttp.log_message) "GET /get-emp-roles HTTP/1.1" 200 82
2024-01-15 13:45:02 [INFO    ] (basehttp.log_message) "GET /get-emp-roles HTTP/1.1" 200 82
2024-01-15 13:45:04 [INFO    ] (basehttp.log_message) "GET /get-organization HTTP/1.1" 200 58
2024-01-15 13:45:04 [INFO    ] (basehttp.log_message) "GET /get-organization HTTP/1.1" 200 58
2024-01-15 13:46:59 [INFO    ] (basehttp.log_message) "GET /get-organization HTTP/1.1" 200 547
2024-01-15 13:46:59 [INFO    ] (basehttp.log_message) "GET /get-organization HTTP/1.1" 200 547
2024-01-15 13:47:37 [INFO    ] (basehttp.log_message) "GET /ar/admin/ HTTP/1.1" 200 18849
2024-01-15 13:47:37 [INFO    ] (basehttp.log_message) "GET /ar/admin/ HTTP/1.1" 200 18849
2024-01-15 13:47:37 [INFO    ] (basehttp.log_message) "GET /static/admin/css/base.css HTTP/1.1" 304 0
2024-01-15 13:47:37 [INFO    ] (basehttp.log_message) "GET /static/admin/css/base.css HTTP/1.1" 304 0
2024-01-15 13:47:37 [INFO    ] (basehttp.log_message) "GET /static/admin/css/dark_mode.css HTTP/1.1" 304 0
2024-01-15 13:47:37 [INFO    ] (basehttp.log_message) "GET /static/admin/css/dark_mode.css HTTP/1.1" 304 0
2024-01-15 13:47:37 [INFO    ] (basehttp.log_message) "GET /static/admin/css/rtl.css HTTP/1.1" 304 0
2024-01-15 13:47:37 [INFO    ] (basehttp.log_message) "GET /static/admin/css/rtl.css HTTP/1.1" 304 0
2024-01-15 13:47:37 [INFO    ] (basehttp.log_message) "GET /static/admin/css/nav_sidebar.css HTTP/1.1" 304 0
2024-01-15 13:47:37 [INFO    ] (basehttp.log_message) "GET /static/admin/css/nav_sidebar.css HTTP/1.1" 304 0
2024-01-15 13:47:37 [INFO    ] (basehttp.log_message) "GET /static/admin/css/responsive_rtl.css HTTP/1.1" 304 0
2024-01-15 13:47:37 [INFO    ] (basehttp.log_message) "GET /static/admin/css/responsive.css HTTP/1.1" 304 0
2024-01-15 13:47:37 [INFO    ] (basehttp.log_message) "GET /static/admin/css/responsive.css HTTP/1.1" 304 0
2024-01-15 13:47:37 [INFO    ] (basehttp.log_message) "GET /static/admin/css/responsive_rtl.css HTTP/1.1" 304 0
2024-01-15 13:47:37 [INFO    ] (basehttp.log_message) "GET /static/admin/js/nav_sidebar.js HTTP/1.1" 304 0
2024-01-15 13:47:37 [INFO    ] (basehttp.log_message) "GET /static/admin/js/nav_sidebar.js HTTP/1.1" 304 0
2024-01-15 13:47:37 [INFO    ] (basehttp.log_message) "GET /static/admin/js/theme.js HTTP/1.1" 304 0
2024-01-15 13:47:37 [INFO    ] (basehttp.log_message) "GET /static/admin/js/theme.js HTTP/1.1" 304 0
2024-01-15 13:47:37 [INFO    ] (basehttp.log_message) "GET /static/admin/img/icon-changelink.svg HTTP/1.1" 304 0
2024-01-15 13:47:37 [INFO    ] (basehttp.log_message) "GET /static/admin/img/icon-changelink.svg HTTP/1.1" 304 0
2024-01-15 13:47:37 [INFO    ] (basehttp.log_message) "GET /static/admin/img/icon-addlink.svg HTTP/1.1" 304 0
2024-01-15 13:47:37 [INFO    ] (basehttp.log_message) "GET /static/admin/img/icon-addlink.svg HTTP/1.1" 304 0
2024-01-15 13:47:37 [INFO    ] (basehttp.log_message) "GET /static/admin/img/icon-deletelink.svg HTTP/1.1" 304 0
2024-01-15 13:47:37 [INFO    ] (basehttp.log_message) "GET /static/admin/img/icon-deletelink.svg HTTP/1.1" 304 0
2024-01-15 13:47:43 [INFO    ] (basehttp.log_message) "GET /ar/admin/geo_location/geolocation/ HTTP/1.1" 200 20749
2024-01-15 13:47:43 [INFO    ] (basehttp.log_message) "GET /ar/admin/geo_location/geolocation/ HTTP/1.1" 200 20749
2024-01-15 13:47:43 [INFO    ] (basehttp.log_message) "GET /static/admin/js/core.js HTTP/1.1" 304 0
2024-01-15 13:47:43 [INFO    ] (basehttp.log_message) "GET /static/admin/js/core.js HTTP/1.1" 304 0
2024-01-15 13:47:43 [INFO    ] (basehttp.log_message) "GET /static/admin/js/jquery.init.js HTTP/1.1" 304 0
2024-01-15 13:47:43 [INFO    ] (basehttp.log_message) "GET /static/admin/js/jquery.init.js HTTP/1.1" 304 0
2024-01-15 13:47:43 [INFO    ] (basehttp.log_message) "GET /static/admin/js/actions.js HTTP/1.1" 304 0
2024-01-15 13:47:43 [INFO    ] (basehttp.log_message) "GET /static/admin/js/actions.js HTTP/1.1" 304 0
2024-01-15 13:47:43 [INFO    ] (basehttp.log_message) "GET /static/admin/js/vendor/jquery/jquery.js HTTP/1.1" 304 0
2024-01-15 13:47:43 [INFO    ] (basehttp.log_message) "GET /static/admin/js/vendor/jquery/jquery.js HTTP/1.1" 304 0
2024-01-15 13:47:43 [INFO    ] (basehttp.log_message) "GET /static/admin/js/admin/RelatedObjectLookups.js HTTP/1.1" 304 0
2024-01-15 13:47:43 [INFO    ] (basehttp.log_message) "GET /static/admin/js/prepopulate.js HTTP/1.1" 304 0
2024-01-15 13:47:43 [INFO    ] (basehttp.log_message) "GET /static/admin/js/prepopulate.js HTTP/1.1" 304 0
2024-01-15 13:47:43 [INFO    ] (basehttp.log_message) "GET /static/admin/js/urlify.js HTTP/1.1" 304 0
2024-01-15 13:47:43 [INFO    ] (basehttp.log_message) "GET /static/admin/js/urlify.js HTTP/1.1" 304 0
2024-01-15 13:47:43 [INFO    ] (basehttp.log_message) "GET /static/admin/js/admin/RelatedObjectLookups.js HTTP/1.1" 304 0
2024-01-15 13:47:43 [INFO    ] (basehttp.log_message) "GET /static/admin/js/vendor/xregexp/xregexp.js HTTP/1.1" 304 0
2024-01-15 13:47:43 [INFO    ] (basehttp.log_message) "GET /static/admin/js/vendor/xregexp/xregexp.js HTTP/1.1" 304 0
2024-01-15 13:47:43 [INFO    ] (basehttp.log_message) "GET /ar/admin/jsi18n/ HTTP/1.1" 200 14011
2024-01-15 13:47:43 [INFO    ] (basehttp.log_message) "GET /ar/admin/jsi18n/ HTTP/1.1" 200 14011
2024-01-15 13:47:55 [INFO    ] (basehttp.log_message) "POST /ar/admin/geo_location/geolocation/ HTTP/1.1" 200 15127
2024-01-15 13:47:55 [INFO    ] (basehttp.log_message) "POST /ar/admin/geo_location/geolocation/ HTTP/1.1" 200 15127
2024-01-15 13:47:55 [INFO    ] (basehttp.log_message) "GET /static/admin/js/cancel.js HTTP/1.1" 304 0
2024-01-15 13:47:55 [INFO    ] (basehttp.log_message) "GET /static/admin/js/cancel.js HTTP/1.1" 304 0
2024-01-15 13:47:57 [INFO    ] (basehttp.log_message) "POST /ar/admin/geo_location/geolocation/ HTTP/1.1" 302 0
2024-01-15 13:47:57 [INFO    ] (basehttp.log_message) "POST /ar/admin/geo_location/geolocation/ HTTP/1.1" 302 0
2024-01-15 13:47:57 [INFO    ] (basehttp.log_message) "GET /ar/admin/geo_location/geolocation/ HTTP/1.1" 200 16857
2024-01-15 13:47:57 [INFO    ] (basehttp.log_message) "GET /ar/admin/geo_location/geolocation/ HTTP/1.1" 200 16857
2024-01-15 13:47:57 [INFO    ] (basehttp.log_message) "GET /ar/admin/jsi18n/ HTTP/1.1" 200 14011
2024-01-15 13:47:57 [INFO    ] (basehttp.log_message) "GET /ar/admin/jsi18n/ HTTP/1.1" 200 14011
2024-01-15 13:48:04 [INFO    ] (basehttp.log_message) "GET /get-organization HTTP/1.1" 200 58
2024-01-15 13:48:04 [INFO    ] (basehttp.log_message) "GET /get-organization HTTP/1.1" 200 58
2024-01-15 13:48:20 [INFO    ] (basehttp.log_message) "GET /get-organization HTTP/1.1" 200 58
2024-01-15 13:48:20 [INFO    ] (basehttp.log_message) "GET /get-organization HTTP/1.1" 200 58
2024-01-15 13:49:16 [INFO    ] (basehttp.log_message) "GET /get-organization HTTP/1.1" 200 299
2024-01-15 13:49:16 [INFO    ] (basehttp.log_message) "GET /get-organization HTTP/1.1" 200 299
2024-01-15 13:50:46 [INFO    ] (basehttp.log_message) "GET /auth/validate-token HTTP/1.1" 200 64
2024-01-15 13:50:46 [INFO    ] (basehttp.log_message) "GET /auth/validate-token HTTP/1.1" 200 64
2024-01-15 13:50:46 [INFO    ] (basehttp.log_message) "GET /get-emp-roles HTTP/1.1" 200 82
2024-01-15 13:50:46 [INFO    ] (basehttp.log_message) "GET /get-emp-roles HTTP/1.1" 200 82
2024-01-15 13:50:46 [INFO    ] (basehttp.log_message) "GET /get-service-sections HTTP/1.1" 200 163
2024-01-15 13:50:46 [INFO    ] (basehttp.log_message) "GET /get-service-sections HTTP/1.1" 200 163
2024-01-15 13:50:46 [INFO    ] (basehttp.log_message) "GET /get-organization-list HTTP/1.1" 200 29
2024-01-15 13:50:46 [INFO    ] (basehttp.log_message) "GET /get-organization-list HTTP/1.1" 200 29
2024-01-15 13:50:46 [INFO    ] (basehttp.log_message) "GET /get-service-types HTTP/1.1" 200 88
2024-01-15 13:50:46 [INFO    ] (basehttp.log_message) "GET /get-service-types HTTP/1.1" 200 88
2024-01-15 13:50:47 [INFO    ] (basehttp.log_message) "GET /get-organization HTTP/1.1" 200 58
2024-01-15 13:50:47 [INFO    ] (basehttp.log_message) "GET /get-organization HTTP/1.1" 200 58
2024-01-15 13:50:54 [INFO    ] (views.get_org_types) get_org_types
2024-01-15 13:50:54 [INFO    ] (basehttp.log_message) "GET /get-order-status HTTP/1.1" 200 108
2024-01-15 13:50:54 [INFO    ] (basehttp.log_message) "GET /get-order-status HTTP/1.1" 200 108
2024-01-15 13:50:54 [INFO    ] (basehttp.log_message) "GET /get-org-types HTTP/1.1" 200 127
2024-01-15 13:50:54 [INFO    ] (basehttp.log_message) "GET /get-org-types HTTP/1.1" 200 127
2024-01-15 13:51:06 [INFO    ] (basehttp.log_message) "POST /create-organization HTTP/1.1" 200 76
2024-01-15 13:51:06 [INFO    ] (basehttp.log_message) "POST /create-organization HTTP/1.1" 200 76
2024-01-15 13:51:06 [INFO    ] (basehttp.log_message) "GET /get-service-types HTTP/1.1" 200 88
2024-01-15 13:51:06 [INFO    ] (basehttp.log_message) "GET /get-service-types HTTP/1.1" 200 88
2024-01-15 13:51:06 [INFO    ] (basehttp.log_message) "GET /get-emp-roles HTTP/1.1" 200 82
2024-01-15 13:51:06 [INFO    ] (basehttp.log_message) "GET /get-emp-roles HTTP/1.1" 200 82
2024-01-15 13:51:06 [INFO    ] (basehttp.log_message) "GET /get-service-sections HTTP/1.1" 200 163
2024-01-15 13:51:06 [INFO    ] (basehttp.log_message) "GET /get-service-sections HTTP/1.1" 200 163
2024-01-15 13:51:06 [INFO    ] (basehttp.log_message) "GET /get-organization-list HTTP/1.1" 200 68
2024-01-15 13:51:06 [INFO    ] (basehttp.log_message) "GET /get-organization-list HTTP/1.1" 200 68
2024-01-15 13:51:08 [INFO    ] (basehttp.log_message) "GET /get-organization HTTP/1.1" 200 58
2024-01-15 13:51:08 [INFO    ] (basehttp.log_message) "GET /get-organization HTTP/1.1" 200 58
2024-01-15 13:51:20 [INFO    ] (basehttp.log_message) "GET /get-organization HTTP/1.1" 200 58
2024-01-15 13:51:20 [INFO    ] (basehttp.log_message) "GET /get-organization HTTP/1.1" 200 58
2024-01-15 13:51:41 [INFO    ] (basehttp.log_message) "GET /get-organization HTTP/1.1" 200 533
2024-01-15 13:51:41 [INFO    ] (basehttp.log_message) "GET /get-organization HTTP/1.1" 200 533
2024-01-15 13:53:51 [INFO    ] (basehttp.log_message) "GET /get-organization HTTP/1.1" 200 533
2024-01-15 13:53:51 [INFO    ] (basehttp.log_message) "GET /get-organization HTTP/1.1" 200 533
2024-01-15 13:58:30 [INFO    ] (basehttp.log_message) "GET /auth/validate-token HTTP/1.1" 200 64
2024-01-15 13:58:30 [INFO    ] (basehttp.log_message) "GET /auth/validate-token HTTP/1.1" 200 64
2024-01-15 13:58:30 [INFO    ] (basehttp.log_message) "GET /get-emp-roles HTTP/1.1" 200 82
2024-01-15 13:58:30 [INFO    ] (basehttp.log_message) "GET /get-emp-roles HTTP/1.1" 200 82
2024-01-15 13:58:30 [INFO    ] (basehttp.log_message) "GET /get-service-types HTTP/1.1" 200 88
2024-01-15 13:58:30 [INFO    ] (basehttp.log_message) "GET /get-service-types HTTP/1.1" 200 88
2024-01-15 13:58:30 [INFO    ] (basehttp.log_message) "GET /get-service-sections HTTP/1.1" 200 163
2024-01-15 13:58:30 [INFO    ] (basehttp.log_message) "GET /get-service-sections HTTP/1.1" 200 163
2024-01-15 13:58:30 [INFO    ] (basehttp.log_message) "GET /get-organization-list HTTP/1.1" 200 68
2024-01-15 13:58:30 [INFO    ] (basehttp.log_message) "GET /get-organization-list HTTP/1.1" 200 68
2024-01-15 13:58:32 [INFO    ] (basehttp.log_message) "GET /get-organization HTTP/1.1" 200 58
2024-01-15 13:58:32 [INFO    ] (basehttp.log_message) "GET /get-organization HTTP/1.1" 200 58
2024-01-15 14:04:27 [INFO    ] (basehttp.log_message) "GET /get-organization HTTP/1.1" 200 533
2024-01-15 14:04:27 [INFO    ] (basehttp.log_message) "GET /get-organization HTTP/1.1" 200 533
2024-01-15 14:06:12 [INFO    ] (basehttp.log_message) "GET /auth/validate-token HTTP/1.1" 200 64
2024-01-15 14:06:12 [INFO    ] (basehttp.log_message) "GET /auth/validate-token HTTP/1.1" 200 64
2024-01-15 14:06:13 [INFO    ] (basehttp.log_message) "GET /get-emp-roles HTTP/1.1" 200 82
2024-01-15 14:06:13 [INFO    ] (basehttp.log_message) "GET /get-emp-roles HTTP/1.1" 200 82
2024-01-15 14:06:13 [INFO    ] (basehttp.log_message) "GET /get-organization-list HTTP/1.1" 200 68
2024-01-15 14:06:13 [INFO    ] (basehttp.log_message) "GET /get-organization-list HTTP/1.1" 200 68
2024-01-15 14:06:13 [INFO    ] (basehttp.log_message) "GET /get-service-types HTTP/1.1" 200 88
2024-01-15 14:06:13 [INFO    ] (basehttp.log_message) "GET /get-service-types HTTP/1.1" 200 88
2024-01-15 14:06:13 [INFO    ] (basehttp.log_message) "GET /get-service-sections HTTP/1.1" 200 163
2024-01-15 14:06:13 [INFO    ] (basehttp.log_message) "GET /get-service-sections HTTP/1.1" 200 163
2024-01-15 14:06:14 [INFO    ] (basehttp.log_message) "GET /get-organization HTTP/1.1" 200 533
2024-01-15 14:06:14 [INFO    ] (basehttp.log_message) "GET /get-organization HTTP/1.1" 200 533
2024-01-15 14:06:39 [INFO    ] (basehttp.log_message) "POST /upload-org-file HTTP/1.1" 200 149
2024-01-15 14:06:39 [INFO    ] (basehttp.log_message) "POST /upload-org-file HTTP/1.1" 200 149
2024-01-15 14:06:41 [INFO    ] (basehttp.log_message) "GET /get-organization-list HTTP/1.1" 200 68
2024-01-15 14:06:41 [INFO    ] (basehttp.log_message) "GET /get-organization-list HTTP/1.1" 200 68
2024-01-15 14:06:41 [INFO    ] (basehttp.log_message) "GET /get-emp-roles HTTP/1.1" 200 82
2024-01-15 14:06:41 [INFO    ] (basehttp.log_message) "GET /get-emp-roles HTTP/1.1" 200 82
2024-01-15 14:06:41 [INFO    ] (basehttp.log_message) "GET /get-service-sections HTTP/1.1" 200 163
2024-01-15 14:06:41 [INFO    ] (basehttp.log_message) "GET /get-service-sections HTTP/1.1" 200 163
2024-01-15 14:06:41 [INFO    ] (basehttp.log_message) "GET /get-service-types HTTP/1.1" 200 88
2024-01-15 14:06:41 [INFO    ] (basehttp.log_message) "GET /get-service-types HTTP/1.1" 200 88
2024-01-15 14:15:36 [INFO    ] (basehttp.log_message) "GET /auth/validate-token HTTP/1.1" 200 64
2024-01-15 14:15:36 [INFO    ] (basehttp.log_message) "GET /auth/validate-token HTTP/1.1" 200 64
2024-01-15 14:15:37 [INFO    ] (basehttp.log_message) "GET /get-service-sections HTTP/1.1" 200 163
2024-01-15 14:15:37 [INFO    ] (basehttp.log_message) "GET /get-service-types HTTP/1.1" 200 88
2024-01-15 14:15:37 [INFO    ] (basehttp.log_message) "GET /get-service-types HTTP/1.1" 200 88
2024-01-15 14:15:37 [INFO    ] (basehttp.log_message) "GET /get-emp-roles HTTP/1.1" 200 82
2024-01-15 14:15:37 [INFO    ] (basehttp.log_message) "GET /get-emp-roles HTTP/1.1" 200 82
2024-01-15 14:15:37 [INFO    ] (basehttp.log_message) "GET /get-organization-list HTTP/1.1" 200 68
2024-01-15 14:15:37 [INFO    ] (basehttp.log_message) "GET /get-service-sections HTTP/1.1" 200 163
2024-01-15 14:15:37 [INFO    ] (basehttp.log_message) "GET /get-organization-list HTTP/1.1" 200 68
2024-01-15 14:15:43 [INFO    ] (basehttp.log_message) "GET /get-organization HTTP/1.1" 200 533
2024-01-15 14:15:43 [INFO    ] (basehttp.log_message) "GET /get-organization HTTP/1.1" 200 533
2024-01-15 14:15:59 [INFO    ] (basehttp.log_message) "POST /upload-org-file HTTP/1.1" 200 59
2024-01-15 14:15:59 [INFO    ] (basehttp.log_message) "POST /upload-org-file HTTP/1.1" 200 59
2024-01-15 14:15:59 [INFO    ] (basehttp.log_message) "GET /get-organization HTTP/1.1" 200 533
2024-01-15 14:15:59 [INFO    ] (basehttp.log_message) "GET /get-organization HTTP/1.1" 200 533
2024-01-15 14:16:53 [INFO    ] (basehttp.log_message) "GET /get-organization HTTP/1.1" 200 533
2024-01-15 14:16:53 [INFO    ] (basehttp.log_message) "GET /get-organization HTTP/1.1" 200 533
2024-01-15 14:17:01 [INFO    ] (basehttp.log_message) "GET /get-organization HTTP/1.1" 200 2
2024-01-15 14:17:01 [INFO    ] (basehttp.log_message) "GET /get-organization HTTP/1.1" 200 2
2024-01-15 14:17:07 [INFO    ] (basehttp.log_message) "GET /get-organization HTTP/1.1" 200 533
2024-01-15 14:17:07 [INFO    ] (basehttp.log_message) "GET /get-organization HTTP/1.1" 200 533
2024-01-15 14:17:20 [INFO    ] (autoreload.trigger_reload) D:\My-Workspace\django-projects\hm_env\hm_admin\orgs\serializer.py changed, reloading.
2024-01-15 14:17:20 [INFO    ] (autoreload.trigger_reload) D:\My-Workspace\django-projects\hm_env\hm_admin\orgs\serializer.py changed, reloading.
2024-01-15 14:17:21 [INFO    ] (autoreload.run_with_reloader) Watching for file changes with StatReloader
2024-01-15 14:17:21 [INFO    ] (autoreload.run_with_reloader) Watching for file changes with StatReloader
2024-01-15 14:17:23 [INFO    ] (basehttp.log_message) "GET /get-organization HTTP/1.1" 200 716
2024-01-15 14:17:23 [INFO    ] (basehttp.log_message) "GET /get-organization HTTP/1.1" 200 716
2024-01-15 14:18:03 [INFO    ] (basehttp.log_message) "POST /upload-org-file HTTP/1.1" 200 59
2024-01-15 14:18:03 [INFO    ] (basehttp.log_message) "POST /upload-org-file HTTP/1.1" 200 59
2024-01-15 14:18:03 [INFO    ] (basehttp.log_message) "GET /get-organization HTTP/1.1" 200 874
2024-01-15 14:18:03 [INFO    ] (basehttp.log_message) "GET /get-organization HTTP/1.1" 200 874
2024-01-15 14:18:07 [INFO    ] (basehttp.log_message) "GET /get-organization HTTP/1.1" 200 874
2024-01-15 14:18:07 [INFO    ] (basehttp.log_message) "GET /get-organization HTTP/1.1" 200 874
2024-01-15 14:18:55 [INFO    ] (basehttp.log_message) "POST /upload-org-file HTTP/1.1" 200 77
2024-01-15 14:18:55 [INFO    ] (basehttp.log_message) "POST /upload-org-file HTTP/1.1" 200 77
2024-01-15 14:18:57 [INFO    ] (basehttp.log_message) "GET /get-service-sections HTTP/1.1" 200 163
2024-01-15 14:18:57 [INFO    ] (basehttp.log_message) "GET /get-service-sections HTTP/1.1" 200 163
2024-01-15 14:18:57 [INFO    ] (basehttp.log_message) "GET /get-service-types HTTP/1.1" 200 88
2024-01-15 14:18:57 [INFO    ] (basehttp.log_message) "GET /get-service-types HTTP/1.1" 200 88
2024-01-15 14:18:57 [INFO    ] (basehttp.log_message) "GET /get-organization-list HTTP/1.1" 200 68
2024-01-15 14:18:57 [INFO    ] (basehttp.log_message) "GET /get-organization-list HTTP/1.1" 200 68
2024-01-15 14:18:57 [INFO    ] (basehttp.log_message) "GET /get-emp-roles HTTP/1.1" 200 82
2024-01-15 14:18:57 [INFO    ] (basehttp.log_message) "GET /get-emp-roles HTTP/1.1" 200 82
2024-01-15 14:19:22 [INFO    ] (basehttp.log_message) "GET /get-organization HTTP/1.1" 200 874
2024-01-15 14:19:22 [INFO    ] (basehttp.log_message) "GET /get-organization HTTP/1.1" 200 874
2024-01-15 14:19:34 [INFO    ] (basehttp.log_message) "POST /upload-org-file HTTP/1.1" 200 59
2024-01-15 14:19:34 [INFO    ] (basehttp.log_message) "POST /upload-org-file HTTP/1.1" 200 59
2024-01-15 14:19:34 [INFO    ] (basehttp.log_message) "GET /get-organization HTTP/1.1" 200 1027
2024-01-15 14:19:34 [INFO    ] (basehttp.log_message) "GET /get-organization HTTP/1.1" 200 1027
2024-01-15 14:19:39 [INFO    ] (basehttp.log_message) "GET /get-organization HTTP/1.1" 200 1027
2024-01-15 14:19:39 [INFO    ] (basehttp.log_message) "GET /get-organization HTTP/1.1" 200 1027
2024-01-15 14:52:58 [INFO    ] (basehttp.log_message) "GET /auth/validate-token HTTP/1.1" 200 64
2024-01-15 14:52:58 [INFO    ] (basehttp.log_message) "GET /auth/validate-token HTTP/1.1" 200 64
2024-01-15 14:52:58 [INFO    ] (basehttp.log_message) "GET /get-service-sections HTTP/1.1" 200 163
2024-01-15 14:52:58 [INFO    ] (basehttp.log_message) "GET /get-service-sections HTTP/1.1" 200 163
2024-01-15 14:52:58 [INFO    ] (basehttp.log_message) "GET /get-service-types HTTP/1.1" 200 88
2024-01-15 14:52:58 [INFO    ] (basehttp.log_message) "GET /get-service-types HTTP/1.1" 200 88
2024-01-15 14:52:58 [INFO    ] (basehttp.log_message) "GET /get-organization-list HTTP/1.1" 200 68
2024-01-15 14:52:58 [INFO    ] (basehttp.log_message) "GET /get-organization-list HTTP/1.1" 200 68
2024-01-15 14:52:58 [INFO    ] (basehttp.log_message) "GET /get-emp-roles HTTP/1.1" 200 82
2024-01-15 14:52:58 [INFO    ] (basehttp.log_message) "GET /get-emp-roles HTTP/1.1" 200 82
2024-01-15 14:53:00 [INFO    ] (basehttp.log_message) "GET /get-organization HTTP/1.1" 200 1027
2024-01-15 14:53:00 [INFO    ] (basehttp.log_message) "GET /get-organization HTTP/1.1" 200 1027
2024-01-15 14:57:28 [INFO    ] (basehttp.log_message) "GET /auth/validate-token HTTP/1.1" 200 64
2024-01-15 14:57:28 [INFO    ] (basehttp.log_message) "GET /auth/validate-token HTTP/1.1" 200 64
2024-01-15 14:57:28 [INFO    ] (basehttp.log_message) "GET /get-service-sections HTTP/1.1" 200 163
2024-01-15 14:57:28 [INFO    ] (basehttp.log_message) "GET /get-service-sections HTTP/1.1" 200 163
2024-01-15 14:57:28 [INFO    ] (basehttp.log_message) "GET /get-service-types HTTP/1.1" 200 88
2024-01-15 14:57:28 [INFO    ] (basehttp.log_message) "GET /get-service-types HTTP/1.1" 200 88
2024-01-15 14:57:28 [INFO    ] (basehttp.log_message) "GET /get-emp-roles HTTP/1.1" 200 82
2024-01-15 14:57:28 [INFO    ] (basehttp.log_message) "GET /get-emp-roles HTTP/1.1" 200 82
2024-01-15 14:57:28 [INFO    ] (basehttp.log_message) "GET /get-organization-list HTTP/1.1" 200 68
2024-01-15 14:57:28 [INFO    ] (basehttp.log_message) "GET /get-organization-list HTTP/1.1" 200 68
2024-01-15 14:57:30 [INFO    ] (basehttp.log_message) "GET /get-organization HTTP/1.1" 200 1027
2024-01-15 14:57:30 [INFO    ] (basehttp.log_message) "GET /get-organization HTTP/1.1" 200 1027
2024-01-15 14:57:31 [INFO    ] (basehttp.log_message) "POST /remove-org-file HTTP/1.1" 200 58
2024-01-15 14:57:31 [INFO    ] (basehttp.log_message) "POST /remove-org-file HTTP/1.1" 200 58
2024-01-15 14:57:34 [INFO    ] (basehttp.log_message) "GET /get-organization HTTP/1.1" 200 874
2024-01-15 14:57:34 [INFO    ] (basehttp.log_message) "GET /get-organization HTTP/1.1" 200 874
2024-01-15 14:57:36 [INFO    ] (basehttp.log_message) "POST /remove-org-file HTTP/1.1" 200 58
2024-01-15 14:57:36 [INFO    ] (basehttp.log_message) "POST /remove-org-file HTTP/1.1" 200 58
2024-01-15 14:57:38 [INFO    ] (basehttp.log_message) "GET /get-organization HTTP/1.1" 200 716
2024-01-15 14:57:38 [INFO    ] (basehttp.log_message) "GET /get-organization HTTP/1.1" 200 716
2024-01-15 14:57:53 [INFO    ] (basehttp.log_message) "POST /update-organization-location HTTP/1.1" 200 71
2024-01-15 14:57:53 [INFO    ] (basehttp.log_message) "POST /update-organization-location HTTP/1.1" 200 71
2024-01-15 14:57:53 [INFO    ] (basehttp.log_message) "GET /get-organization HTTP/1.1" 200 756
2024-01-15 14:57:53 [INFO    ] (basehttp.log_message) "GET /get-organization HTTP/1.1" 200 756
2024-01-15 14:57:59 [INFO    ] (basehttp.log_message) "POST /update-organization-location HTTP/1.1" 200 71
2024-01-15 14:57:59 [INFO    ] (basehttp.log_message) "POST /update-organization-location HTTP/1.1" 200 71
2024-01-15 14:57:59 [INFO    ] (basehttp.log_message) "GET /get-organization HTTP/1.1" 200 697
2024-01-15 14:57:59 [INFO    ] (basehttp.log_message) "GET /get-organization HTTP/1.1" 200 697
2024-01-15 14:58:03 [INFO    ] (basehttp.log_message) "GET /get-organization HTTP/1.1" 200 697
2024-01-15 14:58:03 [INFO    ] (basehttp.log_message) "GET /get-organization HTTP/1.1" 200 697
2024-01-15 14:58:10 [INFO    ] (basehttp.log_message) "POST /remove-org-file HTTP/1.1" 200 58
2024-01-15 14:58:10 [INFO    ] (basehttp.log_message) "POST /remove-org-file HTTP/1.1" 200 58
2024-01-15 14:58:12 [INFO    ] (basehttp.log_message) "GET /get-organization HTTP/1.1" 200 540
2024-01-15 14:58:12 [INFO    ] (basehttp.log_message) "GET /get-organization HTTP/1.1" 200 540
2024-01-15 14:58:15 [INFO    ] (basehttp.log_message) "GET /get-organization HTTP/1.1" 200 325
2024-01-15 14:58:15 [INFO    ] (basehttp.log_message) "GET /get-organization HTTP/1.1" 200 325
2024-01-15 14:58:19 [INFO    ] (basehttp.log_message) "GET /get-organization HTTP/1.1" 200 540
2024-01-15 14:58:19 [INFO    ] (basehttp.log_message) "GET /get-organization HTTP/1.1" 200 540
2024-01-15 14:58:58 [INFO    ] (basehttp.log_message) "POST /upload-org-file HTTP/1.1" 200 59
2024-01-15 14:58:58 [INFO    ] (basehttp.log_message) "POST /upload-org-file HTTP/1.1" 200 59
2024-01-15 14:58:58 [INFO    ] (basehttp.log_message) "GET /get-organization HTTP/1.1" 200 697
2024-01-15 14:58:58 [INFO    ] (basehttp.log_message) "GET /get-organization HTTP/1.1" 200 697
2024-01-15 14:59:02 [INFO    ] (basehttp.log_message) "GET /get-organization HTTP/1.1" 200 697
2024-01-15 14:59:02 [INFO    ] (basehttp.log_message) "GET /get-organization HTTP/1.1" 200 697
2024-01-15 14:59:03 [INFO    ] (basehttp.log_message) "GET /get-organization HTTP/1.1" 200 325
2024-01-15 14:59:03 [INFO    ] (basehttp.log_message) "GET /get-organization HTTP/1.1" 200 325
2024-01-15 14:59:05 [INFO    ] (basehttp.log_message) "GET /get-organization HTTP/1.1" 200 697
2024-01-15 14:59:05 [INFO    ] (basehttp.log_message) "GET /get-organization HTTP/1.1" 200 697
2024-01-15 15:04:38 [INFO    ] (basehttp.log_message) "GET /auth/validate-token HTTP/1.1" 200 64
2024-01-15 15:04:38 [INFO    ] (basehttp.log_message) "GET /auth/validate-token HTTP/1.1" 200 64
2024-01-15 15:04:38 [INFO    ] (basehttp.log_message) "GET /get-emp-roles HTTP/1.1" 200 82
2024-01-15 15:04:38 [INFO    ] (basehttp.log_message) "GET /get-emp-roles HTTP/1.1" 200 82
2024-01-15 15:04:39 [INFO    ] (basehttp.log_message) "GET /get-service-sections HTTP/1.1" 200 163
2024-01-15 15:04:39 [INFO    ] (basehttp.log_message) "GET /get-service-sections HTTP/1.1" 200 163
2024-01-15 15:04:39 [INFO    ] (basehttp.log_message) "GET /get-organization-list HTTP/1.1" 200 68
2024-01-15 15:04:39 [INFO    ] (basehttp.log_message) "GET /get-organization-list HTTP/1.1" 200 68
2024-01-15 15:04:39 [INFO    ] (basehttp.log_message) "GET /get-service-types HTTP/1.1" 200 88
2024-01-15 15:04:39 [INFO    ] (basehttp.log_message) "GET /get-service-types HTTP/1.1" 200 88
2024-01-15 15:04:41 [INFO    ] (basehttp.log_message) "GET /get-organization HTTP/1.1" 200 697
2024-01-15 15:04:41 [INFO    ] (basehttp.log_message) "GET /get-organization HTTP/1.1" 200 697
2024-01-15 15:04:42 [INFO    ] (basehttp.log_message) "POST /remove-org-file HTTP/1.1" 200 58
2024-01-15 15:04:42 [INFO    ] (basehttp.log_message) "POST /remove-org-file HTTP/1.1" 200 58
2024-01-15 15:04:42 [INFO    ] (basehttp.log_message) "GET /get-organization HTTP/1.1" 200 540
2024-01-15 15:04:42 [INFO    ] (basehttp.log_message) "GET /get-organization HTTP/1.1" 200 540
2024-01-15 15:04:55 [INFO    ] (basehttp.log_message) "POST /upload-org-file HTTP/1.1" 200 59
2024-01-15 15:04:55 [INFO    ] (basehttp.log_message) "POST /upload-org-file HTTP/1.1" 200 59
2024-01-15 15:04:56 [INFO    ] (basehttp.log_message) "GET /get-organization HTTP/1.1" 200 692
2024-01-15 15:04:56 [INFO    ] (basehttp.log_message) "GET /get-organization HTTP/1.1" 200 692
2024-01-15 15:05:14 [INFO    ] (basehttp.log_message) "POST /upload-org-file HTTP/1.1" 200 59
2024-01-15 15:05:14 [INFO    ] (basehttp.log_message) "POST /upload-org-file HTTP/1.1" 200 59
2024-01-15 15:05:14 [INFO    ] (basehttp.log_message) "GET /get-organization HTTP/1.1" 200 847
2024-01-15 15:05:14 [INFO    ] (basehttp.log_message) "GET /get-organization HTTP/1.1" 200 847
2024-01-15 15:05:18 [INFO    ] (basehttp.log_message) "GET /get-organization HTTP/1.1" 200 847
2024-01-15 15:05:18 [INFO    ] (basehttp.log_message) "GET /get-organization HTTP/1.1" 200 847
2024-01-15 15:05:24 [INFO    ] (basehttp.log_message) "POST /remove-org-file HTTP/1.1" 200 58
2024-01-15 15:05:24 [INFO    ] (basehttp.log_message) "POST /remove-org-file HTTP/1.1" 200 58
2024-01-15 15:05:24 [INFO    ] (basehttp.log_message) "GET /get-organization HTTP/1.1" 200 692
2024-01-15 15:05:24 [INFO    ] (basehttp.log_message) "GET /get-organization HTTP/1.1" 200 692
2024-01-15 15:05:26 [INFO    ] (basehttp.log_message) "GET /get-organization HTTP/1.1" 200 692
2024-01-15 15:05:26 [INFO    ] (basehttp.log_message) "GET /get-organization HTTP/1.1" 200 692
2024-01-15 15:05:31 [INFO    ] (basehttp.log_message) "POST /remove-org-file HTTP/1.1" 200 58
2024-01-15 15:05:31 [INFO    ] (basehttp.log_message) "POST /remove-org-file HTTP/1.1" 200 58
2024-01-15 15:05:31 [INFO    ] (basehttp.log_message) "GET /get-organization HTTP/1.1" 200 540
2024-01-15 15:05:31 [INFO    ] (basehttp.log_message) "GET /get-organization HTTP/1.1" 200 540
